<?xml version="1.0" encoding="UTF-8"?>
<!-- Generated by org.testng.reporters.JUnitXMLReporter -->
<testsuite ignored="0" hostname="Pooju" failures="1" tests="5" name="Master Test" time="67.713" errors="0" timestamp="2025-12-09T16:19:49 IST">
  <testcase classname="testCases.T003_LoginDDT" name="verify_loginDDT" time="4.897"/>
  <testcase classname="testCases.T003_LoginDDT" name="verify_loginDDT" time="10.603">
    <failure type="java.lang.AssertionError" message="expected [true] but found [false]">
      <![CDATA[java.lang.AssertionError: expected [true] but found [false]
at testCases.T003_LoginDDT.verify_loginDDT(T003_LoginDDT.java:58)
at java.base/java.util.ArrayList.forEach(ArrayList.java:1511)
at java.base/java.util.concurrent.FutureTask.run(FutureTask.java:264)
at java.base/java.util.concurrent.ThreadPoolExecutor.runWorker(ThreadPoolExecutor.java:1136)
at java.base/java.util.concurrent.ThreadPoolExecutor$Worker.run(ThreadPoolExecutor.java:635)
at java.base/java.lang.Thread.run(Thread.java:833)
... Removed 19 stack frames]]>
    </failure>
  </testcase> <!-- verify_loginDDT -->
  <testcase classname="testCases.T003_LoginDDT" name="verify_loginDDT" time="15.506"/>
  <testcase classname="testCases.T003_LoginDDT" name="verify_loginDDT" time="13.611"/>
  <testcase classname="testCases.T003_LoginDDT" name="verify_loginDDT" time="13.512"/>
</testsuite> <!-- Master Test -->
