<?xml version="1.0" encoding="UTF-8"?>
<!-- Generated by org.testng.reporters.JUnitXMLReporter -->
<testsuite ignored="0" hostname="Pooju" failures="1" tests="1" name="Master Test" time="6.5" errors="0" timestamp="2026-06-26T19:49:57 IST">
  <testcase classname="testCases.TC006_EndToEndTest" name="fullEndToEndFlow" time="2.889">
    <failure type="java.lang.AssertionError" message="The following asserts failed:
	Cart page heading match expected [Shopping Cart (10.00kg)] but found [false],
	Should be on checkout page expected [true] but found [false],
	Stock warning should NOT show for qty=1 normal checkout expected [false] but found [true]">
      <![CDATA[java.lang.AssertionError: The following asserts failed:
Cart page heading match expected [Shopping Cart (10.00kg)] but found [false],
Should be on checkout page expected [true] but found [false],
Stock warning should NOT show for qty=1 normal checkout expected [false] but found [true]
at testCases.TC006_EndToEndTest.fullEndToEndFlow(TC006_EndToEndTest.java:92)
at java.base/java.util.ArrayList.forEach(ArrayList.java:1511)
at java.base/java.util.concurrent.FutureTask.run(FutureTask.java:264)
at java.base/java.util.concurrent.ThreadPoolExecutor.runWorker(ThreadPoolExecutor.java:1136)
at java.base/java.util.concurrent.ThreadPoolExecutor$Worker.run(ThreadPoolExecutor.java:635)
at java.base/java.lang.Thread.run(Thread.java:833)
... Removed 17 stack frames]]>
    </failure>
  </testcase> <!-- fullEndToEndFlow -->
</testsuite> <!-- Master Test -->
