<?xml version="1.0" encoding="UTF-8"?>
<testng-results ignored="0" total="1" passed="0" failed="1" skipped="0">
  <reporter-output>
  </reporter-output>
  <suite started-at="2026-06-26T19:49:49 IST" name="Suite" finished-at="2026-06-26T19:49:55 IST" duration-ms="6500">
    <groups>
      <group name="Master">
        <method signature="TC006_EndToEndTest.fullEndToEndFlow()[pri:0, instance:testCases.TC006_EndToEndTest@2d36e77e]" name="fullEndToEndFlow" class="testCases.TC006_EndToEndTest"/>
      </group> <!-- Master -->
    </groups>
    <test started-at="2026-06-26T19:49:49 IST" name="Master Test" finished-at="2026-06-26T19:49:55 IST" duration-ms="6500">
      <class name="testCases.TC006_EndToEndTest">
        <test-method is-config="true" signature="setup(java.lang.String,java.lang.String)[pri:0, instance:testCases.TC006_EndToEndTest@2d36e77e]" started-at="2026-06-26T19:49:49 IST" name="setup" finished-at="2026-06-26T19:49:52 IST" duration-ms="2686" status="PASS">
          <params>
            <param index="0">
              <value>
                <![CDATA[windows]]>
              </value>
            </param>
            <param index="1">
              <value>
                <![CDATA[chrome]]>
              </value>
            </param>
          </params>
          <reporter-output>
          </reporter-output>
        </test-method> <!-- setup -->
        <test-method signature="fullEndToEndFlow()[pri:0, instance:testCases.TC006_EndToEndTest@2d36e77e]" started-at="2026-06-26T19:49:52 IST" name="fullEndToEndFlow" finished-at="2026-06-26T19:49:55 IST" duration-ms="2889" status="FAIL">
          <exception class="java.lang.AssertionError">
            <message>
              <![CDATA[The following asserts failed:
Cart page heading match expected [Shopping Cart (10.00kg)] but found [false],
Should be on checkout page expected [true] but found [false],
Stock warning should NOT show for qty=1 normal checkout expected [false] but found [true]]]>
            </message>
            <full-stacktrace>
              <![CDATA[java.lang.AssertionError: The following asserts failed:
Cart page heading match expected [Shopping Cart (10.00kg)] but found [false],
Should be on checkout page expected [true] but found [false],
Stock warning should NOT show for qty=1 normal checkout expected [false] but found [true]
at org.testng.asserts.SoftAssert.assertAll(SoftAssert.java:46)
at org.testng.asserts.SoftAssert.assertAll(SoftAssert.java:30)
at testCases.TC006_EndToEndTest.fullEndToEndFlow(TC006_EndToEndTest.java:92)
at java.base/jdk.internal.reflect.DirectMethodHandleAccessor.invoke(DirectMethodHandleAccessor.java:104)
at java.base/java.lang.reflect.Method.invoke(Method.java:577)
at org.testng.internal.invokers.MethodInvocationHelper.invokeMethod(MethodInvocationHelper.java:141)
at org.testng.internal.invokers.TestInvoker.invokeMethod(TestInvoker.java:687)
at org.testng.internal.invokers.TestInvoker.invokeTestMethod(TestInvoker.java:230)
at org.testng.internal.invokers.MethodRunner.runInSequence(MethodRunner.java:63)
at org.testng.internal.invokers.TestInvoker$MethodInvocationAgent.invoke(TestInvoker.java:995)
at org.testng.internal.invokers.TestInvoker.invokeTestMethods(TestInvoker.java:203)
at org.testng.internal.invokers.TestMethodWorker.invokeTestMethods(TestMethodWorker.java:154)
at org.testng.internal.invokers.TestMethodWorker.run(TestMethodWorker.java:134)
at java.base/java.util.ArrayList.forEach(ArrayList.java:1511)
at org.testng.TestRunner.privateRun(TestRunner.java:741)
at org.testng.TestRunner.run(TestRunner.java:616)
at org.testng.SuiteRunner.runTest(SuiteRunner.java:421)
at org.testng.SuiteRunner$SuiteWorker.run(SuiteRunner.java:463)
at org.testng.internal.thread.ThreadUtil.lambda$execute$0(ThreadUtil.java:64)
at java.base/java.util.concurrent.FutureTask.run(FutureTask.java:264)
at java.base/java.util.concurrent.ThreadPoolExecutor.runWorker(ThreadPoolExecutor.java:1136)
at java.base/java.util.concurrent.ThreadPoolExecutor$Worker.run(ThreadPoolExecutor.java:635)
at java.base/java.lang.Thread.run(Thread.java:833)
]]>
            </full-stacktrace>
          </exception> <!-- java.lang.AssertionError -->
          <reporter-output>
          </reporter-output>
        </test-method> <!-- fullEndToEndFlow -->
        <test-method is-config="true" signature="tearDown()[pri:0, instance:testCases.TC006_EndToEndTest@2d36e77e]" started-at="2026-06-26T19:49:55 IST" name="tearDown" finished-at="2026-06-26T19:49:55 IST" duration-ms="356" status="PASS">
          <reporter-output>
          </reporter-output>
        </test-method> <!-- tearDown -->
      </class> <!-- testCases.TC006_EndToEndTest -->
    </test> <!-- Master Test -->
  </suite> <!-- Suite -->
</testng-results>
